jun. 06, 2023 10:21:50 P. M. pe.edu.utp.logging.IngresoAuditorio logError
WARNING: Fecha: Tue Jun 06 22:21:50 PET 2023 
Usuario: u22214724 
Tipo de error: java.util.NoSuchElementException 
Mensaje de error: null

jun. 06, 2023 10:23:21 P. M. pe.edu.utp.logging.IngresoAuditorio logError
WARNING: Fecha: Tue Jun 06 22:23:21 PET 2023 
Usuario: u22214724 
Tipo de error: java.util.NoSuchElementException 
Mensaje de error: null

jun. 06, 2023 10:26:08 P. M. pe.edu.utp.logging.IngresoAuditorio logError
WARNING: Fecha: Tue Jun 06 22:26:08 PET 2023 
Usuario: u22214724 
Tipo de error: java.util.NoSuchElementException 
Mensaje de error: null

jun. 06, 2023 10:26:52 P. M. pe.edu.utp.logging.IngresoAuditorio logError
WARNING: Fecha: Tue Jun 06 22:26:51 PET 2023 
Usuario: u22214724 
Tipo de error: java.util.NoSuchElementException 
Mensaje de error: null

jun. 06, 2023 10:27:48 P. M. pe.edu.utp.logging.IngresoAuditorio logError
WARNING: Fecha: Tue Jun 06 22:27:47 PET 2023 
Usuario: u22214724 
Tipo de error: java.util.NoSuchElementException 
Mensaje de error: null

jun. 06, 2023 10:33:31 P. M. pe.edu.utp.logging.IngresoAuditorio logError
WARNING: Fecha: Tue Jun 06 22:33:31 PET 2023 
Usuario: u22214724 
Tipo de error: java.util.NoSuchElementException 
Mensaje de error: No line found

jun. 06, 2023 10:38:42 P. M. pe.edu.utp.logging.IngresoAuditorio logError
WARNING: Fecha: Tue Jun 06 22:38:42 PET 2023 
Usuario: u22214724 
Tipo de error: java.util.NoSuchElementException 
Mensaje de error: No line found

jun. 06, 2023 10:39:15 P. M. pe.edu.utp.logging.IngresoAuditorio logError
WARNING: Fecha: Tue Jun 06 22:39:15 PET 2023 
Usuario: u22214724 
Tipo de error: java.util.NoSuchElementException 
Mensaje de error: null

jun. 06, 2023 10:41:15 P. M. pe.edu.utp.logging.IngresoAuditorio logError
WARNING: Fecha: Tue Jun 06 22:41:15 PET 2023 
Usuario: u22214724 
Tipo de error: java.util.NoSuchElementException 
Mensaje de error: null

jun. 10, 2023 7:39:40 P. M. pe.edu.utp.logging.IngresoAuditorio logError
WARNING: Fecha: Sat Jun 10 19:39:40 PET 2023 
Usuario: u22214724 
Tipo de error: java.lang.IllegalArgumentException 
Mensaje de error: Self-suppression not permitted

jun. 10, 2023 7:44:22 P. M. pe.edu.utp.logging.IngresoAuditorio logError
WARNING: Fecha: Sat Jun 10 19:44:22 PET 2023 
Usuario: u22214724 
Tipo de error: java.lang.IllegalArgumentException 
Mensaje de error: Self-suppression not permitted

jun. 10, 2023 7:49:38 P. M. pe.edu.utp.logging.IngresoAuditorio logError
WARNING: Fecha: Sat Jun 10 19:49:38 PET 2023 
Usuario: u22214724 
Tipo de error: java.lang.IllegalArgumentException 
Mensaje de error: Self-suppression not permitted

jun. 10, 2023 7:50:46 P. M. pe.edu.utp.logging.IngresoAuditorio logError
WARNING: Fecha: Sat Jun 10 19:50:46 PET 2023 
Usuario: u22214724 
Tipo de error: java.lang.IllegalArgumentException 
Mensaje de error: Self-suppression not permitted

jun. 10, 2023 7:51:41 P. M. pe.edu.utp.logging.IngresoAuditorio logError
WARNING: Fecha: Sat Jun 10 19:51:41 PET 2023 
Usuario: u22214724 
Tipo de error: java.lang.IllegalArgumentException 
Mensaje de error: Self-suppression not permitted

jun. 10, 2023 9:38:06 P. M. pe.edu.utp.logging.IngresoAuditorio logError
WARNING: Fecha: Sat Jun 10 21:38:06 PET 2023 
Usuario: u22214724 
Tipo de error: java.lang.IllegalArgumentException 
Mensaje de error: Self-suppression not permitted

jun. 10, 2023 9:39:21 P. M. pe.edu.utp.logging.IngresoAuditorio logError
WARNING: Fecha: Sat Jun 10 21:39:21 PET 2023 
Usuario: u22214724 
Tipo de error: java.lang.IllegalArgumentException 
Mensaje de error: Self-suppression not permitted

jun. 10, 2023 9:42:40 P. M. pe.edu.utp.logging.IngresoAuditorio logError
WARNING: Fecha: Sat Jun 10 21:42:40 PET 2023 
Usuario: u22214724 
Tipo de error: java.lang.IllegalArgumentException 
Mensaje de error: Self-suppression not permitted

jun. 10, 2023 10:01:30 P. M. pe.edu.utp.logging.IngresoAuditorio logError
WARNING: Fecha: Sat Jun 10 22:01:30 PET 2023 
Usuario: u22214724 
Tipo de error: java.lang.IllegalArgumentException 
Mensaje de error: Self-suppression not permitted

jun. 10, 2023 10:58:35 P. M. pe.edu.utp.logging.IngresoAuditorio logError
WARNING: Fecha: Sat Jun 10 22:58:35 PET 2023 
Usuario: u22214724 
Tipo de error: java.lang.IllegalArgumentException 
Mensaje de error: Self-suppression not permitted

jul. 09, 2023 5:36:04 P. M. pe.edu.utp.logging.IngresoAuditorio logError
WARNING: Fecha: Sun Jul 09 17:36:04 PET 2023 
Usuario: u22204466 
Tipo de error: java.util.NoSuchElementException 
Mensaje de error: null

